  Building Custom Rule C:/opengl-lantern-pbr/model_viewer/CMakeLists.txt
  CMake does not need to re-run because C:/opengl-lantern-pbr/model_viewer/build/CMakeFiles/generate.stamp is up-to-date.
  model_viewer.cpp
c:\opengl-lantern-pbr\model_viewer\src\utils2.h(62): warning C4244: '=': conversion from 'double' to 'float', possible loss of data
c:\opengl-lantern-pbr\model_viewer\src\utils2.h(65): warning C4244: '=': conversion from 'double' to 'float', possible loss of data
c:\opengl-lantern-pbr\model_viewer\src\utils2.h(272): warning C4996: 'sscanf': This function or variable may be unsafe. Consider using sscanf_s instead. To disable deprecation, use _CRT_SECURE_NO_WARNINGS. See online help for details.
  C:\Program Files (x86)\Windows Kits\10\Include\10.0.17763.0\ucrt\stdio.h(2263): note: see declaration of 'sscanf'
c:\opengl-lantern-pbr\model_viewer\src\utils2.h(283): warning C4996: 'sscanf': This function or variable may be unsafe. Consider using sscanf_s instead. To disable deprecation, use _CRT_SECURE_NO_WARNINGS. See online help for details.
  C:\Program Files (x86)\Windows Kits\10\Include\10.0.17763.0\ucrt\stdio.h(2263): note: see declaration of 'sscanf'
c:\opengl-lantern-pbr\model_viewer\src\utils2.h(297): warning C4996: 'sscanf': This function or variable may be unsafe. Consider using sscanf_s instead. To disable deprecation, use _CRT_SECURE_NO_WARNINGS. See online help for details.
  C:\Program Files (x86)\Windows Kits\10\Include\10.0.17763.0\ucrt\stdio.h(2263): note: see declaration of 'sscanf'
c:\opengl-lantern-pbr\model_viewer\src\utils2.h(311): warning C4996: 'sscanf': This function or variable may be unsafe. Consider using sscanf_s instead. To disable deprecation, use _CRT_SECURE_NO_WARNINGS. See online help for details.
  C:\Program Files (x86)\Windows Kits\10\Include\10.0.17763.0\ucrt\stdio.h(2263): note: see declaration of 'sscanf'
C:\opengl-lantern-pbr\model_viewer\src\model_viewer.cpp(60): warning C4996: 'getenv': This function or variable may be unsafe. Consider using _dupenv_s instead. To disable deprecation, use _CRT_SECURE_NO_WARNINGS. See online help for details.
  C:\Program Files (x86)\Windows Kits\10\Include\10.0.17763.0\ucrt\stdlib.h(1191): note: see declaration of 'getenv'
C:\opengl-lantern-pbr\model_viewer\src\model_viewer.cpp(201): warning C4305: 'argument': truncation from 'double' to 'GLclampf'
C:\opengl-lantern-pbr\model_viewer\src\model_viewer.cpp(272): warning C4244: 'argument': conversion from 'double' to 'int', possible loss of data
C:\opengl-lantern-pbr\model_viewer\src\model_viewer.cpp(275): warning C4244: 'argument': conversion from 'double' to 'int', possible loss of data
C:\opengl-lantern-pbr\model_viewer\src\model_viewer.cpp(284): warning C4244: 'argument': conversion from 'double' to 'int', possible loss of data
C:\opengl-lantern-pbr\model_viewer\src\model_viewer.cpp(342): warning C4244: '=': conversion from 'double' to 'float', possible loss of data
  lodepng.cpp
C:\opengl-lantern-pbr\external\lodepng\lodepng.cpp(356): warning C4996: 'fopen': This function or variable may be unsafe. Consider using fopen_s instead. To disable deprecation, use _CRT_SECURE_NO_WARNINGS. See online help for details.
  C:\Program Files (x86)\Windows Kits\10\Include\10.0.17763.0\ucrt\stdio.h(208): note: see declaration of 'fopen'
C:\opengl-lantern-pbr\external\lodepng\lodepng.cpp(378): warning C4996: 'fopen': This function or variable may be unsafe. Consider using fopen_s instead. To disable deprecation, use _CRT_SECURE_NO_WARNINGS. See online help for details.
  C:\Program Files (x86)\Windows Kits\10\Include\10.0.17763.0\ucrt\stdio.h(208): note: see declaration of 'fopen'
  imgui.cpp
  imgui_demo.cpp
  imgui_draw.cpp
  imgui_impl_glfw_gl3.cpp
  Generating Code...
  glew.c
  model_viewer.vcxproj -> C:\opengl-lantern-pbr\model_viewer\build\Debug\model_viewer.exe
